e:\code\c\c\ccore\ccore\debug\vc142.pdb
e:\code\c\c\ccore\ccore\debug\vc142.idb
e:\code\c\c\ccore\ccore\debug\rand.obj
e:\code\c\c\ccore\ccore\debug\memory.obj
e:\code\c\c\ccore\ccore\debug\main.obj
e:\code\c\c\ccore\ccore\debug\function.obj
e:\code\c\c\ccore\ccore\debug\char.obj
e:\code\c\c\ccore\ccore\debug\file.obj
e:\code\c\c\ccore\ccore\debug\print.obj
e:\code\c\c\ccore\ccore\debug\struct.obj
e:\code\c\c\ccore\ccore\debug\general.obj
e:\code\c\c\ccore\debug\ccore.exe
e:\code\c\c\ccore\ccore\debug\ccore.ilk
e:\code\c\c\ccore\debug\ccore.pdb
e:\code\c\c\ccore\ccore\debug\ccore.tlog\cl.command.1.tlog
e:\code\c\c\ccore\ccore\debug\ccore.tlog\cl.read.1.tlog
e:\code\c\c\ccore\ccore\debug\ccore.tlog\cl.write.1.tlog
e:\code\c\c\ccore\ccore\debug\ccore.tlog\link.command.1.tlog
e:\code\c\c\ccore\ccore\debug\ccore.tlog\link.read.1.tlog
e:\code\c\c\ccore\ccore\debug\ccore.tlog\link.write.1.tlog
