  char.cpp
E:\Code\C\c\CCore\CCore\src\char\char.cpp(96,7): warning C4101: “result”: 未引用的局部变量
  file.cpp
  function.cpp
  general.cpp
  main.cpp
E:\Code\C\c\CCore\CCore\include\struct.h(9,19): warning C4091: “extern ”: 没有声明变量时忽略“book”的左侧
  memory.cpp
E:\Code\C\c\CCore\CCore\src\memory\memory.cpp(10,6): warning C4101: “n”: 未引用的局部变量
E:\Code\C\c\CCore\CCore\src\memory\memory.cpp(72,14): warning C4114: 多次使用同一类型限定符
E:\Code\C\c\CCore\CCore\src\memory\memory.cpp(72,22): warning C4101: “ptr”: 未引用的局部变量
E:\Code\C\c\CCore\CCore\src\memory\memory.cpp(70,15): warning C4101: “pf”: 未引用的局部变量
  print.cpp
E:\Code\C\c\CCore\CCore\src\print\print.cpp(105,19): warning C4305: “初始化”: 从“int”到“char”截断
E:\Code\C\c\CCore\CCore\src\print\print.cpp(105,14): warning C4309: “初始化”: 截断常量值
E:\Code\C\c\CCore\CCore\src\print\print.cpp(116,8): warning C4101: “assets”: 未引用的局部变量
  rand.cpp
  struct.cpp
E:\Code\C\c\CCore\CCore\include\struct.h(9,19): warning C4091: “extern ”: 没有声明变量时忽略“book”的左侧
E:\Code\C\c\CCore\CCore\src\struct\struct.cpp(46,63): warning C4305: “初始化”: 从“double”到“float”截断
  正在生成代码...
  CCore.vcxproj -> E:\Code\C\c\CCore\Debug\CCore.exe
